SF:/Users/jameshaddock/Desktop/Coding/Projects/palworld-server-manager/InstallApp/Models/get_steam.cs
FN:6,System.Void SteamCmdService/<DownloadSteamCmd>d__0::MoveNext()
FNDA:0,System.Void SteamCmdService/<DownloadSteamCmd>d__0::MoveNext()
DA:7,0
DA:8,0
DA:9,0
DA:11,0
DA:13,0
DA:14,0
DA:16,0
DA:17,0
DA:18,0
DA:21,0
DA:23,0
DA:25,0
DA:26,0
BRDA:16,344,0,0
BRDA:16,344,1,0
LF:13
LH:0
BRF:2
BRH:0
FNF:1
FNH:0
end_of_record
SF:/Users/jameshaddock/Desktop/Coding/Projects/palworld-server-manager/InstallApp/Program.cs
FN:7,System.Void YourInstaller.Program::Main(System.String[])
FNDA:0,System.Void YourInstaller.Program::Main(System.String[])
DA:8,0
DA:9,0
DA:13,0
DA:14,0
LF:4
LH:0
BRF:0
BRH:0
FNF:1
FNH:0
end_of_record