SF:/Users/jameshaddock/Desktop/Coding/Projects/palworld-server-manager/InstallApp/Models/get_steam.cs
FN:6,System.Void SteamCmdService/<DownloadSteamCmd>d__0::MoveNext()
FNDA:1,System.Void SteamCmdService/<DownloadSteamCmd>d__0::MoveNext()
DA:7,1
DA:8,1
DA:9,1
DA:11,1
DA:13,1
DA:14,1
DA:16,1
DA:17,0
DA:18,0
DA:21,1
DA:23,1
DA:25,1
DA:26,1
BRDA:16,344,0,0
BRDA:16,344,1,1
LF:13
LH:11
BRF:2
BRH:1
FNF:1
FNH:1
end_of_record
SF:/Users/jameshaddock/Desktop/Coding/Projects/palworld-server-manager/InstallApp/Program.cs
FN:7,System.Void YourInstaller.Program::Main(System.String[])
FNDA:0,System.Void YourInstaller.Program::Main(System.String[])
DA:8,0
DA:9,0
DA:13,0
DA:14,0
LF:4
LH:0
BRF:0
BRH:0
FNF:1
FNH:0
end_of_record