SF:/Users/jameshaddock/Desktop/Coding/Projects/palworld-server-manager/ServerApp/Program.cs
FN:7,System.Void Program::<Main>$(System.String[])
FNDA:0,System.Void Program::<Main>$(System.String[])
DA:8,0
DA:10,0
DA:11,0
DA:12,0
DA:13,0
DA:14,0
DA:16,0
DA:18,0
DA:19,0
DA:20,0
DA:21,0
DA:22,0
DA:24,0
DA:26,0
DA:28,0
DA:29,0
DA:31,0
BRDA:18,61,0,0
BRDA:18,61,1,0
LF:17
LH:0
BRF:2
BRH:0
FNF:1
FNH:0
end_of_record
SF:/Users/jameshaddock/.nuget/packages/microsoft.net.test.sdk/16.7.1/build/netcoreapp2.1/Microsoft.NET.Test.Sdk.Program.cs
FN:3,System.Void AutoGeneratedProgram::Main(System.String[])
FNDA:0,System.Void AutoGeneratedProgram::Main(System.String[])
DA:4,0
LF:1
LH:0
BRF:0
BRH:0
FNF:1
FNH:0
end_of_record