SF:/Users/jameshaddock/Desktop/Coding/Projects/palworld-server-manager/InstallApp/Models/get_steam.cs
FN:6,System.Void SteamCmdService/<DownloadSteamCmd>d__0::MoveNext()
FNDA:0,System.Void SteamCmdService/<DownloadSteamCmd>d__0::MoveNext()
DA:7,0
DA:8,0
DA:9,0
DA:11,0
DA:13,0
DA:14,0
DA:16,0
DA:17,0
DA:18,0
DA:21,0
DA:23,0
DA:25,0
DA:26,0
BRDA:16,344,0,0
BRDA:16,344,1,0
LF:13
LH:0
BRF:2
BRH:0
FNF:1
FNH:0
end_of_record
SF:/Users/jameshaddock/Desktop/Coding/Projects/palworld-server-manager/InstallApp/Program.cs
FN:7,System.Void YourInstaller.Program::Main(System.String[])
FNDA:0,System.Void YourInstaller.Program::Main(System.String[])
DA:8,0
DA:9,0
DA:12,0
DA:13,0
LF:4
LH:0
BRF:0
BRH:0
FNF:1
FNH:0
end_of_record
SF:/Users/jameshaddock/Desktop/Coding/Projects/palworld-server-manager/InstallApp.Tests/IntegrationTests/Models/test_get_steam.cs
FN:22,System.Void SteamCmdServiceTests::Dispose()
FNDA:0,System.Void SteamCmdServiceTests::Dispose()
DA:23,0
DA:24,0
DA:25,0
DA:26,0
DA:27,0
DA:28,0
BRDA:24,13,0,0
BRDA:24,13,1,0
FN:11,System.Void SteamCmdServiceTests/<TestDownloadSteamCmd>d__0::MoveNext()
FNDA:0,System.Void SteamCmdServiceTests/<TestDownloadSteamCmd>d__0::MoveNext()
DA:12,0
DA:13,0
DA:15,0
DA:17,0
DA:19,0
DA:20,0
LF:12
LH:0
BRF:2
BRH:0
FNF:2
FNH:0
end_of_record
SF:/Users/jameshaddock/.nuget/packages/microsoft.net.test.sdk/16.7.1/build/netcoreapp2.1/Microsoft.NET.Test.Sdk.Program.cs
FN:3,System.Void AutoGeneratedProgram::Main(System.String[])
FNDA:0,System.Void AutoGeneratedProgram::Main(System.String[])
DA:4,0
LF:1
LH:0
BRF:0
BRH:0
FNF:1
FNH:0
end_of_record